c:\users\12527\source\repos\geoalgorithm\geoalgorithm\x64\debug\geoalgorithmlib.pch
c:\users\12527\source\repos\geoalgorithm\geoalgorithm\x64\debug\vc143.pdb
c:\users\12527\source\repos\geoalgorithm\geoalgorithm\x64\debug\vc143.idb
c:\users\12527\source\repos\geoalgorithm\geoalgorithm\x64\debug\pch.obj
c:\users\12527\source\repos\geoalgorithm\geoalgorithm\x64\debug\geoalgorithmlib.obj
c:\users\12527\source\repos\geoalgorithm\geoalgorithm\x64\debug\dllmain.obj
c:\users\12527\source\repos\geoalgorithm\x64\debug\geoalgorithmlib.dll
c:\users\12527\source\repos\geoalgorithm\x64\debug\geoalgorithmlib.pdb
c:\users\12527\source\repos\geoalgorithm\x64\debug\geoalgorithmlib.lib
c:\users\12527\source\repos\geoalgorithm\x64\debug\geoalgorithmlib.exp
c:\users\12527\source\repos\geoalgorithm\geoalgorithm\x64\debug\geoalgorithmlib.ilk
c:\users\12527\source\repos\geoalgorithm\geoalgorithmlib\x64\debug\dllmain.obj
c:\users\12527\source\repos\geoalgorithm\geoalgorithmlib\x64\debug\geoalgorithmlib.obj
c:\users\12527\source\repos\geoalgorithm\geoalgorithmlib\x64\debug\pch.obj
c:\users\12527\source\repos\geoalgorithm\geoalgorithmlib\x64\debug\geoalgorithmlib.ilk
c:\users\12527\source\repos\geoalgorithm\geoalgorithmlib\x64\debug\geoalgorithmlib.pch
c:\users\12527\source\repos\geoalgorithm\geoalgorithmlib\x64\debug\vc143.idb
c:\users\12527\source\repos\geoalgorithm\geoalgorithmlib\x64\debug\vc143.pdb
c:\users\12527\source\repos\geoalgorithm\geoalgorithmlib\x64\debug\geoalgorithmlib.tlog\cl.command.1.tlog
c:\users\12527\source\repos\geoalgorithm\geoalgorithmlib\x64\debug\geoalgorithmlib.tlog\cl.items.tlog
c:\users\12527\source\repos\geoalgorithm\geoalgorithmlib\x64\debug\geoalgorithmlib.tlog\cl.read.1.tlog
c:\users\12527\source\repos\geoalgorithm\geoalgorithmlib\x64\debug\geoalgorithmlib.tlog\cl.write.1.tlog
c:\users\12527\source\repos\geoalgorithm\geoalgorithmlib\x64\debug\geoalgorithmlib.tlog\link.command.1.tlog
c:\users\12527\source\repos\geoalgorithm\geoalgorithmlib\x64\debug\geoalgorithmlib.tlog\link.read.1.tlog
c:\users\12527\source\repos\geoalgorithm\geoalgorithmlib\x64\debug\geoalgorithmlib.tlog\link.secondary.1.tlog
c:\users\12527\source\repos\geoalgorithm\geoalgorithmlib\x64\debug\geoalgorithmlib.tlog\link.write.1.tlog
